<?xml version="1.0" encoding="UTF-8"?>

<!-- generated on 04/06/21 09:57:44 by Eclipse SUMO GUI Version 1.7.0
<configuration xmlns:xsi="http://www.w3.org/2001/XMLSchema-instance" xsi:noNamespaceSchemaLocation="http://sumo.dlr.de/xsd/sumoConfiguration.xsd">

    <input>
        <net-file value="cross.net.xml"/>
        <route-files value="cross.rou.xml"/>
        <additional-files value="cross.det.xml"/>
    </input>

    <output>
        <tripinfo-output value="tripinfo.xml"/>
    </output>

    <time>
        <begin value="0"/>
    </time>

    <report>
        <verbose value="true"/>
        <no-step-log value="true"/>
    </report>

    <traci_server>
        <remote-port value="63156"/>
    </traci_server>

</configuration>
-->

<detector xmlns:xsi="http://www.w3.org/2001/XMLSchema-instance" xsi:noNamespaceSchemaLocation="http://sumo.dlr.de/xsd/det_e1_file.xsd">
    <interval begin="0.00" end="30.00" id="0" nVehContrib="0" flow="0.00" occupancy="0.00" speed="-1.00" harmonicMeanSpeed="-1.00" length="-1.00" nVehEntered="0"/>
    <interval begin="0.00" end="30.00" id="1" nVehContrib="0" flow="0.00" occupancy="0.00" speed="-1.00" harmonicMeanSpeed="-1.00" length="-1.00" nVehEntered="0"/>
    <interval begin="0.00" end="30.00" id="2" nVehContrib="0" flow="0.00" occupancy="0.00" speed="-1.00" harmonicMeanSpeed="-1.00" length="-1.00" nVehEntered="0"/>
    <interval begin="0.00" end="30.00" id="3" nVehContrib="0" flow="0.00" occupancy="0.00" speed="-1.00" harmonicMeanSpeed="-1.00" length="-1.00" nVehEntered="0"/>
    <interval begin="30.00" end="60.00" id="0" nVehContrib="0" flow="0.00" occupancy="0.00" speed="-1.00" harmonicMeanSpeed="-1.00" length="-1.00" nVehEntered="0"/>
    <interval begin="30.00" end="60.00" id="1" nVehContrib="2" flow="240.00" occupancy="1.92" speed="17.66" harmonicMeanSpeed="17.39" length="5.00" nVehEntered="2"/>
    <interval begin="30.00" end="60.00" id="2" nVehContrib="3" flow="360.00" occupancy="2.93" speed="17.18" harmonicMeanSpeed="17.06" length="5.00" nVehEntered="3"/>
    <interval begin="30.00" end="60.00" id="3" nVehContrib="1" flow="120.00" occupancy="0.86" speed="19.34" harmonicMeanSpeed="19.34" length="5.00" nVehEntered="1"/>
    <interval begin="60.00" end="90.00" id="0" nVehContrib="1" flow="120.00" occupancy="1.01" speed="16.43" harmonicMeanSpeed="16.43" length="5.00" nVehEntered="1"/>
    <interval begin="60.00" end="90.00" id="1" nVehContrib="0" flow="0.00" occupancy="0.00" speed="-1.00" harmonicMeanSpeed="-1.00" length="-1.00" nVehEntered="0"/>
    <interval begin="60.00" end="90.00" id="2" nVehContrib="2" flow="240.00" occupancy="2.28" speed="16.04" harmonicMeanSpeed="14.59" length="5.00" nVehEntered="2"/>
    <interval begin="60.00" end="90.00" id="3" nVehContrib="2" flow="240.00" occupancy="2.01" speed="16.60" harmonicMeanSpeed="16.58" length="5.00" nVehEntered="2"/>
    <interval begin="90.00" end="120.00" id="0" nVehContrib="1" flow="120.00" occupancy="0.90" speed="18.57" harmonicMeanSpeed="18.57" length="5.00" nVehEntered="1"/>
    <interval begin="90.00" end="120.00" id="1" nVehContrib="0" flow="0.00" occupancy="0.00" speed="-1.00" harmonicMeanSpeed="-1.00" length="-1.00" nVehEntered="0"/>
    <interval begin="90.00" end="120.00" id="2" nVehContrib="2" flow="240.00" occupancy="1.91" speed="17.59" harmonicMeanSpeed="17.47" length="5.00" nVehEntered="2"/>
    <interval begin="90.00" end="120.00" id="3" nVehContrib="0" flow="0.00" occupancy="0.00" speed="-1.00" harmonicMeanSpeed="-1.00" length="-1.00" nVehEntered="0"/>
    <interval begin="120.00" end="150.00" id="0" nVehContrib="2" flow="240.00" occupancy="2.55" speed="13.32" harmonicMeanSpeed="13.07" length="5.00" nVehEntered="2"/>
    <interval begin="120.00" end="150.00" id="1" nVehContrib="2" flow="240.00" occupancy="2.56" speed="13.40" harmonicMeanSpeed="13.03" length="5.00" nVehEntered="2"/>
    <interval begin="120.00" end="150.00" id="2" nVehContrib="0" flow="0.00" occupancy="0.00" speed="-1.00" harmonicMeanSpeed="-1.00" length="-1.00" nVehEntered="0"/>
    <interval begin="120.00" end="150.00" id="3" nVehContrib="2" flow="240.00" occupancy="1.85" speed="18.07" harmonicMeanSpeed="18.01" length="5.00" nVehEntered="2"/>
    <interval begin="150.00" end="180.00" id="0" nVehContrib="1" flow="120.00" occupancy="1.82" speed="9.15" harmonicMeanSpeed="9.15" length="5.00" nVehEntered="1"/>
    <interval begin="150.00" end="180.00" id="1" nVehContrib="1" flow="120.00" occupancy="0.92" speed="18.15" harmonicMeanSpeed="18.15" length="5.00" nVehEntered="1"/>
    <interval begin="150.00" end="180.00" id="2" nVehContrib="4" flow="480.00" occupancy="4.17" speed="16.33" harmonicMeanSpeed="15.99" length="5.00" nVehEntered="4"/>
    <interval begin="150.00" end="180.00" id="3" nVehContrib="2" flow="240.00" occupancy="2.17" speed="15.37" harmonicMeanSpeed="15.36" length="5.00" nVehEntered="2"/>
    <interval begin="180.00" end="210.00" id="0" nVehContrib="0" flow="0.00" occupancy="61.94" speed="-1.00" harmonicMeanSpeed="-1.00" length="-1.00" nVehEntered="1"/>
    <interval begin="180.00" end="210.00" id="1" nVehContrib="0" flow="0.00" occupancy="0.00" speed="-1.00" harmonicMeanSpeed="-1.00" length="-1.00" nVehEntered="0"/>
    <interval begin="180.00" end="210.00" id="2" nVehContrib="2" flow="240.00" occupancy="3.34" speed="10.16" harmonicMeanSpeed="9.97" length="5.00" nVehEntered="2"/>
    <interval begin="180.00" end="210.00" id="3" nVehContrib="0" flow="0.00" occupancy="0.00" speed="-1.00" harmonicMeanSpeed="-1.00" length="-1.00" nVehEntered="0"/>
    <interval begin="210.00" end="240.00" id="0" nVehContrib="1" flow="120.00" occupancy="50.02" speed="0.15" harmonicMeanSpeed="0.15" length="5.00" nVehEntered="0"/>
    <interval begin="210.00" end="240.00" id="1" nVehContrib="0" flow="0.00" occupancy="0.00" speed="-1.00" harmonicMeanSpeed="-1.00" length="-1.00" nVehEntered="0"/>
    <interval begin="210.00" end="240.00" id="2" nVehContrib="0" flow="0.00" occupancy="0.00" speed="-1.00" harmonicMeanSpeed="-1.00" length="-1.00" nVehEntered="0"/>
    <interval begin="210.00" end="240.00" id="3" nVehContrib="2" flow="240.00" occupancy="50.22" speed="11.07" harmonicMeanSpeed="10.58" length="5.00" nVehEntered="3"/>
    <interval begin="240.00" end="270.00" id="0" nVehContrib="1" flow="120.00" occupancy="0.90" speed="18.59" harmonicMeanSpeed="18.59" length="5.00" nVehEntered="1"/>
    <interval begin="240.00" end="270.00" id="1" nVehContrib="1" flow="120.00" occupancy="0.88" speed="18.94" harmonicMeanSpeed="18.94" length="5.00" nVehEntered="1"/>
    <interval begin="240.00" end="270.00" id="2" nVehContrib="1" flow="120.00" occupancy="0.89" speed="18.66" harmonicMeanSpeed="18.66" length="5.00" nVehEntered="1"/>
    <interval begin="240.00" end="270.00" id="3" nVehContrib="3" flow="360.00" occupancy="62.98" speed="5.03" harmonicMeanSpeed="0.45" length="5.00" nVehEntered="2"/>
    <interval begin="270.00" end="300.00" id="0" nVehContrib="2" flow="240.00" occupancy="2.08" speed="16.04" harmonicMeanSpeed="16.04" length="5.00" nVehEntered="2"/>
    <interval begin="270.00" end="300.00" id="1" nVehContrib="1" flow="120.00" occupancy="1.06" speed="15.68" harmonicMeanSpeed="15.68" length="5.00" nVehEntered="1"/>
    <interval begin="270.00" end="300.00" id="2" nVehContrib="1" flow="120.00" occupancy="0.79" speed="21.15" harmonicMeanSpeed="21.15" length="5.00" nVehEntered="1"/>
    <interval begin="270.00" end="300.00" id="3" nVehContrib="1" flow="120.00" occupancy="0.96" speed="17.33" harmonicMeanSpeed="17.33" length="5.00" nVehEntered="1"/>
    <interval begin="300.00" end="330.00" id="0" nVehContrib="1" flow="120.00" occupancy="1.38" speed="12.11" harmonicMeanSpeed="12.11" length="5.00" nVehEntered="1"/>
    <interval begin="300.00" end="330.00" id="1" nVehContrib="0" flow="0.00" occupancy="0.00" speed="-1.00" harmonicMeanSpeed="-1.00" length="-1.00" nVehEntered="0"/>
    <interval begin="300.00" end="330.00" id="2" nVehContrib="4" flow="480.00" occupancy="3.73" speed="18.04" harmonicMeanSpeed="17.88" length="5.00" nVehEntered="4"/>
    <interval begin="300.00" end="330.00" id="3" nVehContrib="0" flow="0.00" occupancy="0.00" speed="-1.00" harmonicMeanSpeed="-1.00" length="-1.00" nVehEntered="0"/>
    <interval begin="330.00" end="360.00" id="0" nVehContrib="1" flow="120.00" occupancy="0.78" speed="21.24" harmonicMeanSpeed="21.24" length="5.00" nVehEntered="1"/>
    <interval begin="330.00" end="360.00" id="1" nVehContrib="1" flow="120.00" occupancy="1.05" speed="15.82" harmonicMeanSpeed="15.82" length="5.00" nVehEntered="1"/>
    <interval begin="330.00" end="360.00" id="2" nVehContrib="5" flow="600.00" occupancy="8.60" speed="10.67" harmonicMeanSpeed="9.69" length="5.00" nVehEntered="5"/>
    <interval begin="330.00" end="360.00" id="3" nVehContrib="2" flow="240.00" occupancy="2.08" speed="16.16" harmonicMeanSpeed="16.06" length="5.00" nVehEntered="2"/>
    <interval begin="360.00" end="390.00" id="0" nVehContrib="0" flow="0.00" occupancy="0.00" speed="-1.00" harmonicMeanSpeed="-1.00" length="-1.00" nVehEntered="0"/>
    <interval begin="360.00" end="390.00" id="1" nVehContrib="2" flow="240.00" occupancy="3.05" speed="11.35" harmonicMeanSpeed="10.94" length="5.00" nVehEntered="2"/>
    <interval begin="360.00" end="390.00" id="2" nVehContrib="2" flow="240.00" occupancy="1.93" speed="17.38" harmonicMeanSpeed="17.28" length="5.00" nVehEntered="2"/>
    <interval begin="360.00" end="390.00" id="3" nVehContrib="0" flow="0.00" occupancy="0.00" speed="-1.00" harmonicMeanSpeed="-1.00" length="-1.00" nVehEntered="0"/>
    <interval begin="390.00" end="420.00" id="0" nVehContrib="0" flow="0.00" occupancy="0.00" speed="-1.00" harmonicMeanSpeed="-1.00" length="-1.00" nVehEntered="0"/>
    <interval begin="390.00" end="420.00" id="1" nVehContrib="0" flow="0.00" occupancy="0.00" speed="-1.00" harmonicMeanSpeed="-1.00" length="-1.00" nVehEntered="0"/>
    <interval begin="390.00" end="420.00" id="2" nVehContrib="3" flow="360.00" occupancy="8.32" speed="11.77" harmonicMeanSpeed="11.29" length="5.00" nVehEntered="4"/>
    <interval begin="390.00" end="420.00" id="3" nVehContrib="2" flow="240.00" occupancy="1.83" speed="18.32" harmonicMeanSpeed="18.25" length="5.00" nVehEntered="2"/>
    <interval begin="420.00" end="450.00" id="0" nVehContrib="0" flow="0.00" occupancy="0.00" speed="-1.00" harmonicMeanSpeed="-1.00" length="-1.00" nVehEntered="0"/>
    <interval begin="420.00" end="450.00" id="1" nVehContrib="0" flow="0.00" occupancy="0.00" speed="-1.00" harmonicMeanSpeed="-1.00" length="-1.00" nVehEntered="0"/>
    <interval begin="420.00" end="450.00" id="2" nVehContrib="2" flow="240.00" occupancy="81.69" speed="1.36" harmonicMeanSpeed="0.39" length="5.00" nVehEntered="1"/>
    <interval begin="420.00" end="450.00" id="3" nVehContrib="2" flow="240.00" occupancy="1.95" speed="17.24" harmonicMeanSpeed="17.11" length="5.00" nVehEntered="2"/>
    <interval begin="450.00" end="480.00" id="0" nVehContrib="1" flow="120.00" occupancy="0.90" speed="18.57" harmonicMeanSpeed="18.57" length="5.00" nVehEntered="1"/>
    <interval begin="450.00" end="480.00" id="1" nVehContrib="1" flow="120.00" occupancy="0.91" speed="18.37" harmonicMeanSpeed="18.37" length="5.00" nVehEntered="1"/>
    <interval begin="450.00" end="480.00" id="2" nVehContrib="3" flow="360.00" occupancy="5.52" speed="12.25" harmonicMeanSpeed="9.05" length="5.00" nVehEntered="3"/>
    <interval begin="450.00" end="480.00" id="3" nVehContrib="0" flow="0.00" occupancy="0.00" speed="-1.00" harmonicMeanSpeed="-1.00" length="-1.00" nVehEntered="0"/>
    <interval begin="480.00" end="510.00" id="0" nVehContrib="1" flow="120.00" occupancy="0.93" speed="17.98" harmonicMeanSpeed="17.98" length="5.00" nVehEntered="1"/>
    <interval begin="480.00" end="510.00" id="1" nVehContrib="1" flow="120.00" occupancy="0.90" speed="18.62" harmonicMeanSpeed="18.62" length="5.00" nVehEntered="1"/>
    <interval begin="480.00" end="510.00" id="2" nVehContrib="1" flow="120.00" occupancy="0.95" speed="17.54" harmonicMeanSpeed="17.54" length="5.00" nVehEntered="1"/>
    <interval begin="480.00" end="510.00" id="3" nVehContrib="1" flow="120.00" occupancy="0.89" speed="18.76" harmonicMeanSpeed="18.76" length="5.00" nVehEntered="1"/>
    <interval begin="510.00" end="540.00" id="0" nVehContrib="2" flow="240.00" occupancy="2.59" speed="12.92" harmonicMeanSpeed="12.86" length="5.00" nVehEntered="2"/>
    <interval begin="510.00" end="540.00" id="1" nVehContrib="1" flow="120.00" occupancy="0.87" speed="19.07" harmonicMeanSpeed="19.07" length="5.00" nVehEntered="1"/>
    <interval begin="510.00" end="540.00" id="2" nVehContrib="2" flow="240.00" occupancy="2.32" speed="14.40" harmonicMeanSpeed="14.36" length="5.00" nVehEntered="2"/>
    <interval begin="510.00" end="540.00" id="3" nVehContrib="2" flow="240.00" occupancy="1.76" speed="18.92" harmonicMeanSpeed="18.92" length="5.00" nVehEntered="2"/>
    <interval begin="540.00" end="570.00" id="0" nVehContrib="1" flow="120.00" occupancy="1.75" speed="9.50" harmonicMeanSpeed="9.50" length="5.00" nVehEntered="1"/>
    <interval begin="540.00" end="570.00" id="1" nVehContrib="1" flow="120.00" occupancy="0.91" speed="18.32" harmonicMeanSpeed="18.32" length="5.00" nVehEntered="1"/>
    <interval begin="540.00" end="570.00" id="2" nVehContrib="0" flow="0.00" occupancy="0.00" speed="-1.00" harmonicMeanSpeed="-1.00" length="-1.00" nVehEntered="0"/>
    <interval begin="540.00" end="570.00" id="3" nVehContrib="1" flow="120.00" occupancy="0.86" speed="19.40" harmonicMeanSpeed="19.40" length="5.00" nVehEntered="1"/>
    <interval begin="570.00" end="600.00" id="0" nVehContrib="3" flow="360.00" occupancy="3.34" speed="15.39" harmonicMeanSpeed="14.95" length="5.00" nVehEntered="3"/>
    <interval begin="570.00" end="600.00" id="1" nVehContrib="0" flow="0.00" occupancy="0.00" speed="-1.00" harmonicMeanSpeed="-1.00" length="-1.00" nVehEntered="0"/>
    <interval begin="570.00" end="600.00" id="2" nVehContrib="2" flow="240.00" occupancy="27.11" speed="4.78" harmonicMeanSpeed="1.23" length="5.00" nVehEntered="2"/>
    <interval begin="570.00" end="600.00" id="3" nVehContrib="2" flow="240.00" occupancy="1.99" speed="16.92" harmonicMeanSpeed="16.73" length="5.00" nVehEntered="2"/>
    <interval begin="600.00" end="630.00" id="0" nVehContrib="2" flow="240.00" occupancy="2.16" speed="15.62" harmonicMeanSpeed="15.44" length="5.00" nVehEntered="2"/>
    <interval begin="600.00" end="630.00" id="1" nVehContrib="0" flow="0.00" occupancy="0.00" speed="-1.00" harmonicMeanSpeed="-1.00" length="-1.00" nVehEntered="0"/>
    <interval begin="600.00" end="630.00" id="2" nVehContrib="2" flow="240.00" occupancy="11.50" speed="3.10" harmonicMeanSpeed="2.90" length="5.00" nVehEntered="2"/>
    <interval begin="600.00" end="630.00" id="3" nVehContrib="0" flow="0.00" occupancy="0.00" speed="-1.00" harmonicMeanSpeed="-1.00" length="-1.00" nVehEntered="0"/>
    <interval begin="630.00" end="660.00" id="0" nVehContrib="1" flow="120.00" occupancy="1.38" speed="12.07" harmonicMeanSpeed="12.07" length="5.00" nVehEntered="1"/>
    <interval begin="630.00" end="660.00" id="1" nVehContrib="1" flow="120.00" occupancy="0.91" speed="18.26" harmonicMeanSpeed="18.26" length="5.00" nVehEntered="1"/>
    <interval begin="630.00" end="660.00" id="2" nVehContrib="2" flow="240.00" occupancy="1.93" speed="17.29" harmonicMeanSpeed="17.27" length="5.00" nVehEntered="2"/>
    <interval begin="630.00" end="660.00" id="3" nVehContrib="0" flow="0.00" occupancy="0.00" speed="-1.00" harmonicMeanSpeed="-1.00" length="-1.00" nVehEntered="0"/>
    <interval begin="660.00" end="690.00" id="0" nVehContrib="0" flow="0.00" occupancy="0.00" speed="-1.00" harmonicMeanSpeed="-1.00" length="-1.00" nVehEntered="0"/>
    <interval begin="660.00" end="690.00" id="1" nVehContrib="3" flow="360.00" occupancy="4.10" speed="12.61" harmonicMeanSpeed="12.19" length="5.00" nVehEntered="3"/>
    <interval begin="660.00" end="690.00" id="2" nVehContrib="0" flow="0.00" occupancy="0.00" speed="-1.00" harmonicMeanSpeed="-1.00" length="-1.00" nVehEntered="0"/>
    <interval begin="660.00" end="690.00" id="3" nVehContrib="3" flow="360.00" occupancy="2.95" speed="17.06" harmonicMeanSpeed="16.92" length="5.00" nVehEntered="3"/>
    <interval begin="690.00" end="720.00" id="0" nVehContrib="0" flow="0.00" occupancy="0.00" speed="-1.00" harmonicMeanSpeed="-1.00" length="-1.00" nVehEntered="0"/>
    <interval begin="690.00" end="720.00" id="1" nVehContrib="1" flow="120.00" occupancy="0.74" speed="22.60" harmonicMeanSpeed="22.60" length="5.00" nVehEntered="1"/>
    <interval begin="690.00" end="720.00" id="2" nVehContrib="3" flow="360.00" occupancy="14.99" speed="12.75" harmonicMeanSpeed="12.21" length="5.00" nVehEntered="4"/>
    <interval begin="690.00" end="720.00" id="3" nVehContrib="1" flow="120.00" occupancy="1.48" speed="11.29" harmonicMeanSpeed="11.29" length="5.00" nVehEntered="1"/>
    <interval begin="720.00" end="750.00" id="0" nVehContrib="0" flow="0.00" occupancy="0.00" speed="-1.00" harmonicMeanSpeed="-1.00" length="-1.00" nVehEntered="0"/>
    <interval begin="720.00" end="750.00" id="1" nVehContrib="2" flow="240.00" occupancy="1.91" speed="17.55" harmonicMeanSpeed="17.42" length="5.00" nVehEntered="2"/>
    <interval begin="720.00" end="750.00" id="2" nVehContrib="4" flow="480.00" occupancy="12.14" speed="10.93" harmonicMeanSpeed="2.89" length="5.00" nVehEntered="3"/>
    <interval begin="720.00" end="750.00" id="3" nVehContrib="1" flow="120.00" occupancy="2.00" speed="8.32" harmonicMeanSpeed="8.32" length="5.00" nVehEntered="1"/>
    <interval begin="750.00" end="780.00" id="0" nVehContrib="1" flow="120.00" occupancy="0.91" speed="18.22" harmonicMeanSpeed="18.22" length="5.00" nVehEntered="1"/>
    <interval begin="750.00" end="780.00" id="1" nVehContrib="0" flow="0.00" occupancy="0.00" speed="-1.00" harmonicMeanSpeed="-1.00" length="-1.00" nVehEntered="0"/>
    <interval begin="750.00" end="780.00" id="2" nVehContrib="3" flow="360.00" occupancy="37.03" speed="11.80" harmonicMeanSpeed="11.07" length="5.00" nVehEntered="4"/>
    <interval begin="750.00" end="780.00" id="3" nVehContrib="4" flow="480.00" occupancy="13.70" speed="11.50" harmonicMeanSpeed="4.87" length="5.00" nVehEntered="4"/>
    <interval begin="780.00" end="810.00" id="0" nVehContrib="1" flow="120.00" occupancy="1.03" speed="16.16" harmonicMeanSpeed="16.16" length="5.00" nVehEntered="1"/>
    <interval begin="780.00" end="810.00" id="1" nVehContrib="3" flow="360.00" occupancy="4.44" speed="11.95" harmonicMeanSpeed="11.25" length="5.00" nVehEntered="3"/>
    <interval begin="780.00" end="810.00" id="2" nVehContrib="2" flow="240.00" occupancy="12.71" speed="9.87" harmonicMeanSpeed="0.74" length="5.00" nVehEntered="1"/>
    <interval begin="780.00" end="810.00" id="3" nVehContrib="0" flow="0.00" occupancy="0.00" speed="-1.00" harmonicMeanSpeed="-1.00" length="-1.00" nVehEntered="0"/>
    <interval begin="810.00" end="840.00" id="0" nVehContrib="1" flow="120.00" occupancy="1.20" speed="13.92" harmonicMeanSpeed="13.92" length="5.00" nVehEntered="1"/>
    <interval begin="810.00" end="840.00" id="1" nVehContrib="1" flow="120.00" occupancy="0.77" speed="21.51" harmonicMeanSpeed="21.51" length="5.00" nVehEntered="1"/>
    <interval begin="810.00" end="840.00" id="2" nVehContrib="2" flow="240.00" occupancy="1.74" speed="19.17" harmonicMeanSpeed="19.17" length="5.00" nVehEntered="2"/>
    <interval begin="810.00" end="840.00" id="3" nVehContrib="0" flow="0.00" occupancy="0.00" speed="-1.00" harmonicMeanSpeed="-1.00" length="-1.00" nVehEntered="0"/>
    <interval begin="840.00" end="870.00" id="0" nVehContrib="0" flow="0.00" occupancy="0.00" speed="-1.00" harmonicMeanSpeed="-1.00" length="-1.00" nVehEntered="0"/>
    <interval begin="840.00" end="870.00" id="1" nVehContrib="2" flow="240.00" occupancy="1.96" speed="17.10" harmonicMeanSpeed="17.04" length="5.00" nVehEntered="2"/>
    <interval begin="840.00" end="870.00" id="2" nVehContrib="1" flow="120.00" occupancy="1.12" speed="14.84" harmonicMeanSpeed="14.84" length="5.00" nVehEntered="1"/>
    <interval begin="840.00" end="870.00" id="3" nVehContrib="2" flow="240.00" occupancy="2.07" speed="16.38" harmonicMeanSpeed="16.07" length="5.00" nVehEntered="2"/>
    <interval begin="870.00" end="900.00" id="0" nVehContrib="1" flow="120.00" occupancy="0.94" speed="17.67" harmonicMeanSpeed="17.67" length="5.00" nVehEntered="1"/>
    <interval begin="870.00" end="900.00" id="1" nVehContrib="1" flow="120.00" occupancy="1.07" speed="15.58" harmonicMeanSpeed="15.58" length="5.00" nVehEntered="1"/>
    <interval begin="870.00" end="900.00" id="2" nVehContrib="2" flow="240.00" occupancy="42.06" speed="10.94" harmonicMeanSpeed="10.87" length="5.00" nVehEntered="3"/>
    <interval begin="870.00" end="900.00" id="3" nVehContrib="0" flow="0.00" occupancy="0.00" speed="-1.00" harmonicMeanSpeed="-1.00" length="-1.00" nVehEntered="0"/>
    <interval begin="900.00" end="930.00" id="0" nVehContrib="0" flow="0.00" occupancy="0.00" speed="-1.00" harmonicMeanSpeed="-1.00" length="-1.00" nVehEntered="0"/>
    <interval begin="900.00" end="930.00" id="1" nVehContrib="0" flow="0.00" occupancy="0.00" speed="-1.00" harmonicMeanSpeed="-1.00" length="-1.00" nVehEntered="0"/>
    <interval begin="900.00" end="930.00" id="2" nVehContrib="7" flow="840.00" occupancy="46.84" speed="4.12" harmonicMeanSpeed="1.36" length="5.00" nVehEntered="6"/>
    <interval begin="900.00" end="930.00" id="3" nVehContrib="1" flow="120.00" occupancy="0.94" speed="17.65" harmonicMeanSpeed="17.65" length="5.00" nVehEntered="1"/>
    <interval begin="930.00" end="960.00" id="0" nVehContrib="0" flow="0.00" occupancy="0.00" speed="-1.00" harmonicMeanSpeed="-1.00" length="-1.00" nVehEntered="0"/>
    <interval begin="930.00" end="960.00" id="1" nVehContrib="1" flow="120.00" occupancy="0.80" speed="20.88" harmonicMeanSpeed="20.88" length="5.00" nVehEntered="1"/>
    <interval begin="930.00" end="960.00" id="2" nVehContrib="1" flow="120.00" occupancy="0.95" speed="17.47" harmonicMeanSpeed="17.47" length="5.00" nVehEntered="1"/>
    <interval begin="930.00" end="960.00" id="3" nVehContrib="2" flow="240.00" occupancy="1.93" speed="17.29" harmonicMeanSpeed="17.23" length="5.00" nVehEntered="2"/>
    <interval begin="960.00" end="990.00" id="0" nVehContrib="1" flow="120.00" occupancy="0.95" speed="17.46" harmonicMeanSpeed="17.46" length="5.00" nVehEntered="1"/>
    <interval begin="960.00" end="990.00" id="1" nVehContrib="1" flow="120.00" occupancy="0.85" speed="19.50" harmonicMeanSpeed="19.50" length="5.00" nVehEntered="1"/>
    <interval begin="960.00" end="990.00" id="2" nVehContrib="1" flow="120.00" occupancy="1.04" speed="16.02" harmonicMeanSpeed="16.02" length="5.00" nVehEntered="1"/>
    <interval begin="960.00" end="990.00" id="3" nVehContrib="1" flow="120.00" occupancy="1.15" speed="14.47" harmonicMeanSpeed="14.47" length="5.00" nVehEntered="1"/>
    <interval begin="990.00" end="1020.00" id="0" nVehContrib="0" flow="0.00" occupancy="0.00" speed="-1.00" harmonicMeanSpeed="-1.00" length="-1.00" nVehEntered="0"/>
    <interval begin="990.00" end="1020.00" id="1" nVehContrib="1" flow="120.00" occupancy="0.96" speed="17.29" harmonicMeanSpeed="17.29" length="5.00" nVehEntered="1"/>
    <interval begin="990.00" end="1020.00" id="2" nVehContrib="2" flow="240.00" occupancy="2.38" speed="14.75" harmonicMeanSpeed="14.03" length="5.00" nVehEntered="2"/>
    <interval begin="990.00" end="1020.00" id="3" nVehContrib="2" flow="240.00" occupancy="1.86" speed="17.90" harmonicMeanSpeed="17.90" length="5.00" nVehEntered="2"/>
    <interval begin="1020.00" end="1050.00" id="0" nVehContrib="1" flow="120.00" occupancy="1.22" speed="13.61" harmonicMeanSpeed="13.61" length="5.00" nVehEntered="1"/>
    <interval begin="1020.00" end="1050.00" id="1" nVehContrib="0" flow="0.00" occupancy="0.00" speed="-1.00" harmonicMeanSpeed="-1.00" length="-1.00" nVehEntered="0"/>
    <interval begin="1020.00" end="1050.00" id="2" nVehContrib="3" flow="360.00" occupancy="2.98" speed="16.89" harmonicMeanSpeed="16.77" length="5.00" nVehEntered="3"/>
    <interval begin="1020.00" end="1050.00" id="3" nVehContrib="0" flow="0.00" occupancy="0.00" speed="-1.00" harmonicMeanSpeed="-1.00" length="-1.00" nVehEntered="0"/>
    <interval begin="1050.00" end="1080.00" id="0" nVehContrib="1" flow="120.00" occupancy="1.39" speed="12.00" harmonicMeanSpeed="12.00" length="5.00" nVehEntered="1"/>
    <interval begin="1050.00" end="1080.00" id="1" nVehContrib="3" flow="360.00" occupancy="4.45" speed="11.77" harmonicMeanSpeed="11.22" length="5.00" nVehEntered="3"/>
    <interval begin="1050.00" end="1080.00" id="2" nVehContrib="1" flow="120.00" occupancy="0.98" speed="16.96" harmonicMeanSpeed="16.96" length="5.00" nVehEntered="1"/>
    <interval begin="1050.00" end="1080.00" id="3" nVehContrib="1" flow="120.00" occupancy="0.91" speed="18.29" harmonicMeanSpeed="18.29" length="5.00" nVehEntered="1"/>
    <interval begin="1080.00" end="1110.00" id="0" nVehContrib="0" flow="0.00" occupancy="0.00" speed="-1.00" harmonicMeanSpeed="-1.00" length="-1.00" nVehEntered="0"/>
    <interval begin="1080.00" end="1110.00" id="1" nVehContrib="0" flow="0.00" occupancy="0.00" speed="-1.00" harmonicMeanSpeed="-1.00" length="-1.00" nVehEntered="0"/>
    <interval begin="1080.00" end="1110.00" id="2" nVehContrib="0" flow="0.00" occupancy="0.00" speed="-1.00" harmonicMeanSpeed="-1.00" length="-1.00" nVehEntered="0"/>
    <interval begin="1080.00" end="1110.00" id="3" nVehContrib="2" flow="240.00" occupancy="1.95" speed="17.15" harmonicMeanSpeed="17.11" length="5.00" nVehEntered="2"/>
    <interval begin="1110.00" end="1140.00" id="0" nVehContrib="2" flow="240.00" occupancy="3.46" speed="9.68" harmonicMeanSpeed="9.64" length="5.00" nVehEntered="2"/>
    <interval begin="1110.00" end="1140.00" id="1" nVehContrib="4" flow="480.00" occupancy="3.96" speed="17.20" harmonicMeanSpeed="16.84" length="5.00" nVehEntered="4"/>
    <interval begin="1110.00" end="1140.00" id="2" nVehContrib="0" flow="0.00" occupancy="0.00" speed="-1.00" harmonicMeanSpeed="-1.00" length="-1.00" nVehEntered="0"/>
    <interval begin="1110.00" end="1140.00" id="3" nVehContrib="2" flow="240.00" occupancy="3.08" speed="11.17" harmonicMeanSpeed="10.81" length="5.00" nVehEntered="2"/>
    <interval begin="1140.00" end="1170.00" id="0" nVehContrib="0" flow="0.00" occupancy="0.00" speed="-1.00" harmonicMeanSpeed="-1.00" length="-1.00" nVehEntered="0"/>
    <interval begin="1140.00" end="1170.00" id="1" nVehContrib="2" flow="240.00" occupancy="3.18" speed="10.71" harmonicMeanSpeed="10.47" length="5.00" nVehEntered="2"/>
    <interval begin="1140.00" end="1170.00" id="2" nVehContrib="3" flow="360.00" occupancy="2.97" speed="17.03" harmonicMeanSpeed="16.85" length="5.00" nVehEntered="3"/>
    <interval begin="1140.00" end="1170.00" id="3" nVehContrib="1" flow="120.00" occupancy="1.76" speed="9.49" harmonicMeanSpeed="9.49" length="5.00" nVehEntered="1"/>
    <interval begin="1170.00" end="1200.00" id="0" nVehContrib="0" flow="0.00" occupancy="0.00" speed="-1.00" harmonicMeanSpeed="-1.00" length="-1.00" nVehEntered="0"/>
    <interval begin="1170.00" end="1200.00" id="1" nVehContrib="0" flow="0.00" occupancy="0.00" speed="-1.00" harmonicMeanSpeed="-1.00" length="-1.00" nVehEntered="0"/>
    <interval begin="1170.00" end="1200.00" id="2" nVehContrib="2" flow="240.00" occupancy="2.85" speed="11.90" harmonicMeanSpeed="11.69" length="5.00" nVehEntered="2"/>
    <interval begin="1170.00" end="1200.00" id="3" nVehContrib="0" flow="0.00" occupancy="0.00" speed="-1.00" harmonicMeanSpeed="-1.00" length="-1.00" nVehEntered="0"/>
    <interval begin="1200.00" end="1230.00" id="0" nVehContrib="4" flow="480.00" occupancy="4.52" speed="15.00" harmonicMeanSpeed="14.76" length="5.00" nVehEntered="4"/>
    <interval begin="1200.00" end="1230.00" id="1" nVehContrib="1" flow="120.00" occupancy="0.92" speed="18.21" harmonicMeanSpeed="18.21" length="5.00" nVehEntered="1"/>
    <interval begin="1200.00" end="1230.00" id="2" nVehContrib="1" flow="120.00" occupancy="2.92" speed="5.70" harmonicMeanSpeed="5.70" length="5.00" nVehEntered="1"/>
    <interval begin="1200.00" end="1230.00" id="3" nVehContrib="2" flow="240.00" occupancy="1.74" speed="19.24" harmonicMeanSpeed="19.21" length="5.00" nVehEntered="2"/>
    <interval begin="1230.00" end="1260.00" id="0" nVehContrib="2" flow="240.00" occupancy="4.01" speed="8.46" harmonicMeanSpeed="8.32" length="5.00" nVehEntered="2"/>
    <interval begin="1230.00" end="1260.00" id="1" nVehContrib="1" flow="120.00" occupancy="1.06" speed="15.71" harmonicMeanSpeed="15.71" length="5.00" nVehEntered="1"/>
    <interval begin="1230.00" end="1260.00" id="2" nVehContrib="1" flow="120.00" occupancy="0.92" speed="18.18" harmonicMeanSpeed="18.18" length="5.00" nVehEntered="1"/>
    <interval begin="1230.00" end="1260.00" id="3" nVehContrib="1" flow="120.00" occupancy="1.05" speed="15.85" harmonicMeanSpeed="15.85" length="5.00" nVehEntered="1"/>
    <interval begin="1260.00" end="1290.00" id="0" nVehContrib="0" flow="0.00" occupancy="0.00" speed="-1.00" harmonicMeanSpeed="-1.00" length="-1.00" nVehEntered="0"/>
    <interval begin="1260.00" end="1290.00" id="1" nVehContrib="0" flow="0.00" occupancy="0.00" speed="-1.00" harmonicMeanSpeed="-1.00" length="-1.00" nVehEntered="0"/>
    <interval begin="1260.00" end="1290.00" id="2" nVehContrib="2" flow="240.00" occupancy="1.92" speed="17.40" harmonicMeanSpeed="17.35" length="5.00" nVehEntered="2"/>
    <interval begin="1260.00" end="1290.00" id="3" nVehContrib="0" flow="0.00" occupancy="0.00" speed="-1.00" harmonicMeanSpeed="-1.00" length="-1.00" nVehEntered="0"/>
    <interval begin="1290.00" end="1320.00" id="0" nVehContrib="2" flow="240.00" occupancy="1.93" speed="17.45" harmonicMeanSpeed="17.31" length="5.00" nVehEntered="2"/>
    <interval begin="1290.00" end="1320.00" id="1" nVehContrib="2" flow="240.00" occupancy="2.62" speed="12.94" harmonicMeanSpeed="12.73" length="5.00" nVehEntered="2"/>
    <interval begin="1290.00" end="1320.00" id="2" nVehContrib="1" flow="120.00" occupancy="1.44" speed="11.61" harmonicMeanSpeed="11.61" length="5.00" nVehEntered="1"/>
    <interval begin="1290.00" end="1320.00" id="3" nVehContrib="5" flow="600.00" occupancy="5.36" speed="16.24" harmonicMeanSpeed="15.54" length="5.00" nVehEntered="5"/>
    <interval begin="1320.00" end="1350.00" id="0" nVehContrib="0" flow="0.00" occupancy="0.00" speed="-1.00" harmonicMeanSpeed="-1.00" length="-1.00" nVehEntered="0"/>
    <interval begin="1320.00" end="1350.00" id="1" nVehContrib="1" flow="120.00" occupancy="1.72" speed="9.68" harmonicMeanSpeed="9.68" length="5.00" nVehEntered="1"/>
    <interval begin="1320.00" end="1350.00" id="2" nVehContrib="1" flow="120.00" occupancy="1.37" speed="18.78" harmonicMeanSpeed="18.78" length="5.00" nVehEntered="2"/>
    <interval begin="1320.00" end="1350.00" id="3" nVehContrib="1" flow="120.00" occupancy="9.52" speed="8.46" harmonicMeanSpeed="8.46" length="5.00" nVehEntered="2"/>
    <interval begin="1350.00" end="1380.00" id="0" nVehContrib="0" flow="0.00" occupancy="0.00" speed="-1.00" harmonicMeanSpeed="-1.00" length="-1.00" nVehEntered="0"/>
    <interval begin="1350.00" end="1380.00" id="1" nVehContrib="2" flow="240.00" occupancy="1.88" speed="17.77" harmonicMeanSpeed="17.76" length="5.00" nVehEntered="2"/>
    <interval begin="1350.00" end="1380.00" id="2" nVehContrib="1" flow="120.00" occupancy="0.38" speed="19.28" harmonicMeanSpeed="19.28" length="5.00" nVehEntered="0"/>
    <interval begin="1350.00" end="1380.00" id="3" nVehContrib="2" flow="240.00" occupancy="81.01" speed="1.40" harmonicMeanSpeed="0.38" length="5.00" nVehEntered="1"/>
    <interval begin="1380.00" end="1410.00" id="0" nVehContrib="0" flow="0.00" occupancy="0.00" speed="-1.00" harmonicMeanSpeed="-1.00" length="-1.00" nVehEntered="0"/>
    <interval begin="1380.00" end="1410.00" id="1" nVehContrib="2" flow="240.00" occupancy="2.46" speed="13.56" harmonicMeanSpeed="13.55" length="5.00" nVehEntered="2"/>
    <interval begin="1380.00" end="1410.00" id="2" nVehContrib="1" flow="120.00" occupancy="1.02" speed="16.28" harmonicMeanSpeed="16.28" length="5.00" nVehEntered="1"/>
    <interval begin="1380.00" end="1410.00" id="3" nVehContrib="1" flow="120.00" occupancy="0.95" speed="17.62" harmonicMeanSpeed="17.62" length="5.00" nVehEntered="1"/>
    <interval begin="1410.00" end="1440.00" id="0" nVehContrib="0" flow="0.00" occupancy="0.00" speed="-1.00" harmonicMeanSpeed="-1.00" length="-1.00" nVehEntered="0"/>
    <interval begin="1410.00" end="1440.00" id="1" nVehContrib="1" flow="120.00" occupancy="0.99" speed="16.80" harmonicMeanSpeed="16.80" length="5.00" nVehEntered="1"/>
    <interval begin="1410.00" end="1440.00" id="2" nVehContrib="1" flow="120.00" occupancy="1.02" speed="16.34" harmonicMeanSpeed="16.34" length="5.00" nVehEntered="1"/>
    <interval begin="1410.00" end="1440.00" id="3" nVehContrib="2" flow="240.00" occupancy="2.00" speed="16.68" harmonicMeanSpeed="16.67" length="5.00" nVehEntered="2"/>
    <interval begin="1440.00" end="1470.00" id="0" nVehContrib="1" flow="120.00" occupancy="1.18" speed="14.18" harmonicMeanSpeed="14.18" length="5.00" nVehEntered="1"/>
    <interval begin="1440.00" end="1470.00" id="1" nVehContrib="1" flow="120.00" occupancy="0.87" speed="19.24" harmonicMeanSpeed="19.24" length="5.00" nVehEntered="1"/>
    <interval begin="1440.00" end="1470.00" id="2" nVehContrib="2" flow="240.00" occupancy="3.32" speed="10.28" harmonicMeanSpeed="10.05" length="5.00" nVehEntered="2"/>
    <interval begin="1440.00" end="1470.00" id="3" nVehContrib="2" flow="240.00" occupancy="1.78" speed="18.74" harmonicMeanSpeed="18.74" length="5.00" nVehEntered="2"/>
    <interval begin="1470.00" end="1500.00" id="0" nVehContrib="0" flow="0.00" occupancy="0.00" speed="-1.00" harmonicMeanSpeed="-1.00" length="-1.00" nVehEntered="0"/>
    <interval begin="1470.00" end="1500.00" id="1" nVehContrib="0" flow="0.00" occupancy="0.00" speed="-1.00" harmonicMeanSpeed="-1.00" length="-1.00" nVehEntered="0"/>
    <interval begin="1470.00" end="1500.00" id="2" nVehContrib="2" flow="240.00" occupancy="1.81" speed="18.45" harmonicMeanSpeed="18.44" length="5.00" nVehEntered="2"/>
    <interval begin="1470.00" end="1500.00" id="3" nVehContrib="3" flow="360.00" occupancy="3.07" speed="16.44" harmonicMeanSpeed="16.31" length="5.00" nVehEntered="3"/>
    <interval begin="1500.00" end="1530.00" id="0" nVehContrib="0" flow="0.00" occupancy="0.00" speed="-1.00" harmonicMeanSpeed="-1.00" length="-1.00" nVehEntered="0"/>
    <interval begin="1500.00" end="1530.00" id="1" nVehContrib="1" flow="120.00" occupancy="0.89" speed="18.79" harmonicMeanSpeed="18.79" length="5.00" nVehEntered="1"/>
    <interval begin="1500.00" end="1530.00" id="2" nVehContrib="1" flow="120.00" occupancy="0.89" speed="18.79" harmonicMeanSpeed="18.79" length="5.00" nVehEntered="1"/>
    <interval begin="1500.00" end="1530.00" id="3" nVehContrib="1" flow="120.00" occupancy="0.99" speed="16.79" harmonicMeanSpeed="16.79" length="5.00" nVehEntered="1"/>
    <interval begin="1530.00" end="1560.00" id="0" nVehContrib="1" flow="120.00" occupancy="1.22" speed="13.68" harmonicMeanSpeed="13.68" length="5.00" nVehEntered="1"/>
    <interval begin="1530.00" end="1560.00" id="1" nVehContrib="1" flow="120.00" occupancy="1.11" speed="15.08" harmonicMeanSpeed="15.08" length="5.00" nVehEntered="1"/>
    <interval begin="1530.00" end="1560.00" id="2" nVehContrib="1" flow="120.00" occupancy="1.54" speed="16.91" harmonicMeanSpeed="16.91" length="5.00" nVehEntered="2"/>
    <interval begin="1530.00" end="1560.00" id="3" nVehContrib="2" flow="240.00" occupancy="1.91" speed="17.42" harmonicMeanSpeed="17.41" length="5.00" nVehEntered="2"/>
    <interval begin="1560.00" end="1590.00" id="0" nVehContrib="1" flow="120.00" occupancy="1.25" speed="14.47" harmonicMeanSpeed="14.47" length="5.00" nVehEntered="2"/>
    <interval begin="1560.00" end="1590.00" id="1" nVehContrib="1" flow="120.00" occupancy="0.81" speed="20.68" harmonicMeanSpeed="20.68" length="5.00" nVehEntered="1"/>
    <interval begin="1560.00" end="1590.00" id="2" nVehContrib="1" flow="120.00" occupancy="0.61" speed="14.36" harmonicMeanSpeed="14.36" length="5.00" nVehEntered="0"/>
    <interval begin="1560.00" end="1590.00" id="3" nVehContrib="0" flow="0.00" occupancy="0.00" speed="-1.00" harmonicMeanSpeed="-1.00" length="-1.00" nVehEntered="0"/>
    <interval begin="1590.00" end="1620.00" id="0" nVehContrib="3" flow="360.00" occupancy="3.25" speed="15.08" harmonicMeanSpeed="14.97" length="5.00" nVehEntered="2"/>
    <interval begin="1590.00" end="1620.00" id="1" nVehContrib="1" flow="120.00" occupancy="0.94" speed="17.76" harmonicMeanSpeed="17.76" length="5.00" nVehEntered="1"/>
    <interval begin="1590.00" end="1620.00" id="2" nVehContrib="0" flow="0.00" occupancy="0.00" speed="-1.00" harmonicMeanSpeed="-1.00" length="-1.00" nVehEntered="0"/>
    <interval begin="1590.00" end="1620.00" id="3" nVehContrib="1" flow="120.00" occupancy="1.16" speed="14.41" harmonicMeanSpeed="14.41" length="5.00" nVehEntered="1"/>
    <interval begin="1620.00" end="1650.00" id="0" nVehContrib="1" flow="120.00" occupancy="0.91" speed="18.37" harmonicMeanSpeed="18.37" length="5.00" nVehEntered="1"/>
    <interval begin="1620.00" end="1650.00" id="1" nVehContrib="1" flow="120.00" occupancy="2.13" speed="16.38" harmonicMeanSpeed="16.38" length="5.00" nVehEntered="2"/>
    <interval begin="1620.00" end="1650.00" id="2" nVehContrib="0" flow="0.00" occupancy="0.00" speed="-1.00" harmonicMeanSpeed="-1.00" length="-1.00" nVehEntered="0"/>
    <interval begin="1620.00" end="1650.00" id="3" nVehContrib="1" flow="120.00" occupancy="1.39" speed="11.96" harmonicMeanSpeed="11.96" length="5.00" nVehEntered="1"/>
    <interval begin="1650.00" end="1680.00" id="0" nVehContrib="0" flow="0.00" occupancy="0.00" speed="-1.00" harmonicMeanSpeed="-1.00" length="-1.00" nVehEntered="0"/>
    <interval begin="1650.00" end="1680.00" id="1" nVehContrib="1" flow="120.00" occupancy="0.14" speed="13.30" harmonicMeanSpeed="13.30" length="5.00" nVehEntered="0"/>
    <interval begin="1650.00" end="1680.00" id="2" nVehContrib="2" flow="240.00" occupancy="1.99" speed="16.73" harmonicMeanSpeed="16.73" length="5.00" nVehEntered="2"/>
    <interval begin="1650.00" end="1680.00" id="3" nVehContrib="0" flow="0.00" occupancy="0.00" speed="-1.00" harmonicMeanSpeed="-1.00" length="-1.00" nVehEntered="0"/>
    <interval begin="1680.00" end="1710.00" id="0" nVehContrib="1" flow="120.00" occupancy="0.99" speed="16.85" harmonicMeanSpeed="16.85" length="5.00" nVehEntered="1"/>
    <interval begin="1680.00" end="1710.00" id="1" nVehContrib="0" flow="0.00" occupancy="0.00" speed="-1.00" harmonicMeanSpeed="-1.00" length="-1.00" nVehEntered="0"/>
    <interval begin="1680.00" end="1710.00" id="2" nVehContrib="1" flow="120.00" occupancy="1.08" speed="15.48" harmonicMeanSpeed="15.48" length="5.00" nVehEntered="1"/>
    <interval begin="1680.00" end="1710.00" id="3" nVehContrib="3" flow="360.00" occupancy="2.90" speed="17.36" harmonicMeanSpeed="17.25" length="5.00" nVehEntered="3"/>
    <interval begin="1710.00" end="1740.00" id="0" nVehContrib="1" flow="120.00" occupancy="0.92" speed="18.11" harmonicMeanSpeed="18.11" length="5.00" nVehEntered="1"/>
    <interval begin="1710.00" end="1740.00" id="1" nVehContrib="3" flow="360.00" occupancy="3.14" speed="16.11" harmonicMeanSpeed="15.91" length="5.00" nVehEntered="3"/>
    <interval begin="1710.00" end="1740.00" id="2" nVehContrib="1" flow="120.00" occupancy="1.33" speed="12.49" harmonicMeanSpeed="12.49" length="5.00" nVehEntered="1"/>
    <interval begin="1710.00" end="1740.00" id="3" nVehContrib="1" flow="120.00" occupancy="0.88" speed="19.04" harmonicMeanSpeed="19.04" length="5.00" nVehEntered="1"/>
    <interval begin="1740.00" end="1770.00" id="0" nVehContrib="0" flow="0.00" occupancy="0.00" speed="-1.00" harmonicMeanSpeed="-1.00" length="-1.00" nVehEntered="0"/>
    <interval begin="1740.00" end="1770.00" id="1" nVehContrib="2" flow="240.00" occupancy="3.36" speed="10.10" harmonicMeanSpeed="9.91" length="5.00" nVehEntered="2"/>
    <interval begin="1740.00" end="1770.00" id="2" nVehContrib="1" flow="120.00" occupancy="0.88" speed="18.95" harmonicMeanSpeed="18.95" length="5.00" nVehEntered="1"/>
    <interval begin="1740.00" end="1770.00" id="3" nVehContrib="3" flow="360.00" occupancy="3.02" speed="16.80" harmonicMeanSpeed="16.56" length="5.00" nVehEntered="3"/>
    <interval begin="1770.00" end="1800.00" id="0" nVehContrib="3" flow="360.00" occupancy="4.52" speed="11.51" harmonicMeanSpeed="11.07" length="5.00" nVehEntered="3"/>
    <interval begin="1770.00" end="1800.00" id="1" nVehContrib="0" flow="0.00" occupancy="0.00" speed="-1.00" harmonicMeanSpeed="-1.00" length="-1.00" nVehEntered="0"/>
    <interval begin="1770.00" end="1800.00" id="2" nVehContrib="1" flow="120.00" occupancy="0.90" speed="18.53" harmonicMeanSpeed="18.53" length="5.00" nVehEntered="1"/>
    <interval begin="1770.00" end="1800.00" id="3" nVehContrib="0" flow="0.00" occupancy="0.00" speed="-1.00" harmonicMeanSpeed="-1.00" length="-1.00" nVehEntered="0"/>
    <interval begin="1800.00" end="1830.00" id="0" nVehContrib="0" flow="0.00" occupancy="0.00" speed="-1.00" harmonicMeanSpeed="-1.00" length="-1.00" nVehEntered="0"/>
    <interval begin="1800.00" end="1830.00" id="1" nVehContrib="1" flow="120.00" occupancy="0.85" speed="19.62" harmonicMeanSpeed="19.62" length="5.00" nVehEntered="1"/>
    <interval begin="1800.00" end="1830.00" id="2" nVehContrib="2" flow="240.00" occupancy="2.00" speed="16.81" harmonicMeanSpeed="16.66" length="5.00" nVehEntered="2"/>
    <interval begin="1800.00" end="1830.00" id="3" nVehContrib="2" flow="240.00" occupancy="3.22" speed="10.76" harmonicMeanSpeed="10.34" length="5.00" nVehEntered="2"/>
    <interval begin="1830.00" end="1860.00" id="0" nVehContrib="2" flow="240.00" occupancy="1.89" speed="17.97" harmonicMeanSpeed="17.64" length="5.00" nVehEntered="2"/>
    <interval begin="1830.00" end="1860.00" id="1" nVehContrib="4" flow="480.00" occupancy="5.10" speed="13.63" harmonicMeanSpeed="13.06" length="5.00" nVehEntered="4"/>
    <interval begin="1830.00" end="1860.00" id="2" nVehContrib="2" flow="240.00" occupancy="3.37" speed="10.19" harmonicMeanSpeed="9.88" length="5.00" nVehEntered="2"/>
    <interval begin="1830.00" end="1860.00" id="3" nVehContrib="1" flow="120.00" occupancy="1.19" speed="14.01" harmonicMeanSpeed="14.01" length="5.00" nVehEntered="1"/>
    <interval begin="1860.00" end="1890.00" id="0" nVehContrib="2" flow="240.00" occupancy="2.38" speed="14.04" harmonicMeanSpeed="14.00" length="5.00" nVehEntered="2"/>
    <interval begin="1860.00" end="1890.00" id="1" nVehContrib="0" flow="0.00" occupancy="37.43" speed="-1.00" harmonicMeanSpeed="-1.00" length="-1.00" nVehEntered="1"/>
    <interval begin="1860.00" end="1890.00" id="2" nVehContrib="2" flow="240.00" occupancy="3.10" speed="10.86" harmonicMeanSpeed="10.74" length="5.00" nVehEntered="2"/>
    <interval begin="1860.00" end="1890.00" id="3" nVehContrib="1" flow="120.00" occupancy="0.91" speed="18.29" harmonicMeanSpeed="18.29" length="5.00" nVehEntered="1"/>
    <interval begin="1890.00" end="1920.00" id="0" nVehContrib="1" flow="120.00" occupancy="62.50" speed="8.32" harmonicMeanSpeed="8.32" length="5.00" nVehEntered="2"/>
    <interval begin="1890.00" end="1920.00" id="1" nVehContrib="5" flow="600.00" occupancy="45.02" speed="5.87" harmonicMeanSpeed="1.01" length="5.00" nVehEntered="4"/>
    <interval begin="1890.00" end="1920.00" id="2" nVehContrib="2" flow="240.00" occupancy="2.04" speed="16.38" harmonicMeanSpeed="16.36" length="5.00" nVehEntered="2"/>
    <interval begin="1890.00" end="1920.00" id="3" nVehContrib="2" flow="240.00" occupancy="2.04" speed="16.47" harmonicMeanSpeed="16.33" length="5.00" nVehEntered="2"/>
    <interval begin="1920.00" end="1950.00" id="0" nVehContrib="3" flow="360.00" occupancy="35.86" speed="10.25" harmonicMeanSpeed="0.52" length="5.00" nVehEntered="2"/>
    <interval begin="1920.00" end="1950.00" id="1" nVehContrib="1" flow="120.00" occupancy="0.92" speed="18.19" harmonicMeanSpeed="18.19" length="5.00" nVehEntered="1"/>
    <interval begin="1920.00" end="1950.00" id="2" nVehContrib="1" flow="120.00" occupancy="1.01" speed="16.47" harmonicMeanSpeed="16.47" length="5.00" nVehEntered="1"/>
    <interval begin="1920.00" end="1950.00" id="3" nVehContrib="1" flow="120.00" occupancy="1.44" speed="11.59" harmonicMeanSpeed="11.59" length="5.00" nVehEntered="1"/>
    <interval begin="1950.00" end="1980.00" id="0" nVehContrib="1" flow="120.00" occupancy="0.85" speed="19.49" harmonicMeanSpeed="19.49" length="5.00" nVehEntered="1"/>
    <interval begin="1950.00" end="1980.00" id="1" nVehContrib="1" flow="120.00" occupancy="0.96" speed="17.40" harmonicMeanSpeed="17.40" length="5.00" nVehEntered="1"/>
    <interval begin="1950.00" end="1980.00" id="2" nVehContrib="2" flow="240.00" occupancy="4.86" speed="11.25" harmonicMeanSpeed="11.11" length="5.00" nVehEntered="3"/>
    <interval begin="1950.00" end="1980.00" id="3" nVehContrib="1" flow="120.00" occupancy="0.87" speed="19.06" harmonicMeanSpeed="19.06" length="5.00" nVehEntered="1"/>
    <interval begin="1980.00" end="2010.00" id="0" nVehContrib="0" flow="0.00" occupancy="0.00" speed="-1.00" harmonicMeanSpeed="-1.00" length="-1.00" nVehEntered="0"/>
    <interval begin="1980.00" end="2010.00" id="1" nVehContrib="1" flow="120.00" occupancy="1.11" speed="15.02" harmonicMeanSpeed="15.02" length="5.00" nVehEntered="1"/>
    <interval begin="1980.00" end="2010.00" id="2" nVehContrib="3" flow="360.00" occupancy="43.51" speed="8.07" harmonicMeanSpeed="1.10" length="5.00" nVehEntered="2"/>
    <interval begin="1980.00" end="2010.00" id="3" nVehContrib="0" flow="0.00" occupancy="0.00" speed="-1.00" harmonicMeanSpeed="-1.00" length="-1.00" nVehEntered="0"/>
    <interval begin="2010.00" end="2040.00" id="0" nVehContrib="1" flow="120.00" occupancy="0.92" speed="18.20" harmonicMeanSpeed="18.20" length="5.00" nVehEntered="1"/>
    <interval begin="2010.00" end="2040.00" id="1" nVehContrib="2" flow="240.00" occupancy="2.26" speed="14.86" harmonicMeanSpeed="14.72" length="5.00" nVehEntered="2"/>
    <interval begin="2010.00" end="2040.00" id="2" nVehContrib="2" flow="240.00" occupancy="1.82" speed="18.60" harmonicMeanSpeed="18.31" length="5.00" nVehEntered="2"/>
    <interval begin="2010.00" end="2040.00" id="3" nVehContrib="0" flow="0.00" occupancy="0.00" speed="-1.00" harmonicMeanSpeed="-1.00" length="-1.00" nVehEntered="0"/>
    <interval begin="2040.00" end="2070.00" id="0" nVehContrib="1" flow="120.00" occupancy="1.19" speed="13.99" harmonicMeanSpeed="13.99" length="5.00" nVehEntered="1"/>
    <interval begin="2040.00" end="2070.00" id="1" nVehContrib="0" flow="0.00" occupancy="0.00" speed="-1.00" harmonicMeanSpeed="-1.00" length="-1.00" nVehEntered="0"/>
    <interval begin="2040.00" end="2070.00" id="2" nVehContrib="3" flow="360.00" occupancy="4.32" speed="12.23" harmonicMeanSpeed="11.57" length="5.00" nVehEntered="3"/>
    <interval begin="2040.00" end="2070.00" id="3" nVehContrib="1" flow="120.00" occupancy="1.06" speed="15.79" harmonicMeanSpeed="15.79" length="5.00" nVehEntered="1"/>
    <interval begin="2070.00" end="2100.00" id="0" nVehContrib="0" flow="0.00" occupancy="0.00" speed="-1.00" harmonicMeanSpeed="-1.00" length="-1.00" nVehEntered="0"/>
    <interval begin="2070.00" end="2100.00" id="1" nVehContrib="1" flow="120.00" occupancy="0.88" speed="18.93" harmonicMeanSpeed="18.93" length="5.00" nVehEntered="1"/>
    <interval begin="2070.00" end="2100.00" id="2" nVehContrib="1" flow="120.00" occupancy="0.98" speed="17.09" harmonicMeanSpeed="17.09" length="5.00" nVehEntered="1"/>
    <interval begin="2070.00" end="2100.00" id="3" nVehContrib="1" flow="120.00" occupancy="0.89" speed="18.71" harmonicMeanSpeed="18.71" length="5.00" nVehEntered="1"/>
    <interval begin="2100.00" end="2130.00" id="0" nVehContrib="0" flow="0.00" occupancy="0.00" speed="-1.00" harmonicMeanSpeed="-1.00" length="-1.00" nVehEntered="0"/>
    <interval begin="2100.00" end="2130.00" id="1" nVehContrib="1" flow="120.00" occupancy="1.07" speed="15.61" harmonicMeanSpeed="15.61" length="5.00" nVehEntered="1"/>
    <interval begin="2100.00" end="2130.00" id="2" nVehContrib="3" flow="360.00" occupancy="3.68" speed="13.80" harmonicMeanSpeed="13.57" length="5.00" nVehEntered="3"/>
    <interval begin="2100.00" end="2130.00" id="3" nVehContrib="2" flow="240.00" occupancy="2.15" speed="15.58" harmonicMeanSpeed="15.52" length="5.00" nVehEntered="2"/>
    <interval begin="2130.00" end="2160.00" id="0" nVehContrib="2" flow="240.00" occupancy="1.89" speed="17.66" harmonicMeanSpeed="17.65" length="5.00" nVehEntered="2"/>
    <interval begin="2130.00" end="2160.00" id="1" nVehContrib="0" flow="0.00" occupancy="0.00" speed="-1.00" harmonicMeanSpeed="-1.00" length="-1.00" nVehEntered="0"/>
    <interval begin="2130.00" end="2160.00" id="2" nVehContrib="0" flow="0.00" occupancy="0.00" speed="-1.00" harmonicMeanSpeed="-1.00" length="-1.00" nVehEntered="0"/>
    <interval begin="2130.00" end="2160.00" id="3" nVehContrib="0" flow="0.00" occupancy="0.00" speed="-1.00" harmonicMeanSpeed="-1.00" length="-1.00" nVehEntered="0"/>
    <interval begin="2160.00" end="2190.00" id="0" nVehContrib="1" flow="120.00" occupancy="1.12" speed="14.83" harmonicMeanSpeed="14.83" length="5.00" nVehEntered="1"/>
    <interval begin="2160.00" end="2190.00" id="1" nVehContrib="3" flow="360.00" occupancy="3.44" speed="15.06" harmonicMeanSpeed="14.54" length="5.00" nVehEntered="3"/>
    <interval begin="2160.00" end="2190.00" id="2" nVehContrib="1" flow="120.00" occupancy="0.87" speed="19.19" harmonicMeanSpeed="19.19" length="5.00" nVehEntered="1"/>
    <interval begin="2160.00" end="2190.00" id="3" nVehContrib="1" flow="120.00" occupancy="0.93" speed="17.97" harmonicMeanSpeed="17.97" length="5.00" nVehEntered="1"/>
    <interval begin="2190.00" end="2220.00" id="0" nVehContrib="1" flow="120.00" occupancy="1.35" speed="12.31" harmonicMeanSpeed="12.31" length="5.00" nVehEntered="1"/>
    <interval begin="2190.00" end="2220.00" id="1" nVehContrib="1" flow="120.00" occupancy="0.87" speed="19.17" harmonicMeanSpeed="19.17" length="5.00" nVehEntered="1"/>
    <interval begin="2190.00" end="2220.00" id="2" nVehContrib="3" flow="360.00" occupancy="2.83" speed="17.71" harmonicMeanSpeed="17.65" length="5.00" nVehEntered="3"/>
    <interval begin="2190.00" end="2220.00" id="3" nVehContrib="1" flow="120.00" occupancy="1.06" speed="15.78" harmonicMeanSpeed="15.78" length="5.00" nVehEntered="1"/>
    <interval begin="2220.00" end="2250.00" id="0" nVehContrib="0" flow="0.00" occupancy="0.00" speed="-1.00" harmonicMeanSpeed="-1.00" length="-1.00" nVehEntered="0"/>
    <interval begin="2220.00" end="2250.00" id="1" nVehContrib="2" flow="240.00" occupancy="2.20" speed="15.23" harmonicMeanSpeed="15.18" length="5.00" nVehEntered="2"/>
    <interval begin="2220.00" end="2250.00" id="2" nVehContrib="1" flow="120.00" occupancy="0.93" speed="17.87" harmonicMeanSpeed="17.87" length="5.00" nVehEntered="1"/>
    <interval begin="2220.00" end="2250.00" id="3" nVehContrib="1" flow="120.00" occupancy="1.18" speed="14.09" harmonicMeanSpeed="14.09" length="5.00" nVehEntered="1"/>
    <interval begin="2250.00" end="2280.00" id="0" nVehContrib="2" flow="240.00" occupancy="2.03" speed="16.46" harmonicMeanSpeed="16.39" length="5.00" nVehEntered="2"/>
    <interval begin="2250.00" end="2280.00" id="1" nVehContrib="2" flow="240.00" occupancy="2.75" speed="12.11" harmonicMeanSpeed="12.11" length="5.00" nVehEntered="2"/>
    <interval begin="2250.00" end="2280.00" id="2" nVehContrib="1" flow="120.00" occupancy="1.04" speed="16.01" harmonicMeanSpeed="16.01" length="5.00" nVehEntered="1"/>
    <interval begin="2250.00" end="2280.00" id="3" nVehContrib="2" flow="240.00" occupancy="3.10" speed="10.93" harmonicMeanSpeed="10.76" length="5.00" nVehEntered="2"/>
    <interval begin="2280.00" end="2310.00" id="0" nVehContrib="1" flow="120.00" occupancy="0.98" speed="17.08" harmonicMeanSpeed="17.08" length="5.00" nVehEntered="1"/>
    <interval begin="2280.00" end="2310.00" id="1" nVehContrib="1" flow="120.00" occupancy="0.81" speed="20.52" harmonicMeanSpeed="20.52" length="5.00" nVehEntered="1"/>
    <interval begin="2280.00" end="2310.00" id="2" nVehContrib="3" flow="360.00" occupancy="4.17" speed="12.29" harmonicMeanSpeed="11.98" length="5.00" nVehEntered="3"/>
    <interval begin="2280.00" end="2310.00" id="3" nVehContrib="1" flow="120.00" occupancy="55.46" speed="0.30" harmonicMeanSpeed="0.30" length="5.00" nVehEntered="1"/>
    <interval begin="2310.00" end="2340.00" id="0" nVehContrib="1" flow="120.00" occupancy="1.17" speed="14.21" harmonicMeanSpeed="14.21" length="5.00" nVehEntered="1"/>
    <interval begin="2310.00" end="2340.00" id="1" nVehContrib="1" flow="120.00" occupancy="0.88" speed="18.90" harmonicMeanSpeed="18.90" length="5.00" nVehEntered="1"/>
    <interval begin="2310.00" end="2340.00" id="2" nVehContrib="2" flow="240.00" occupancy="29.88" speed="1.63" harmonicMeanSpeed="1.12" length="5.00" nVehEntered="2"/>
    <interval begin="2310.00" end="2340.00" id="3" nVehContrib="2" flow="240.00" occupancy="1.75" speed="19.14" harmonicMeanSpeed="19.06" length="5.00" nVehEntered="2"/>
    <interval begin="2340.00" end="2370.00" id="0" nVehContrib="1" flow="120.00" occupancy="1.22" speed="13.69" harmonicMeanSpeed="13.69" length="5.00" nVehEntered="1"/>
    <interval begin="2340.00" end="2370.00" id="1" nVehContrib="1" flow="120.00" occupancy="1.90" speed="16.23" harmonicMeanSpeed="16.23" length="5.00" nVehEntered="2"/>
    <interval begin="2340.00" end="2370.00" id="2" nVehContrib="2" flow="240.00" occupancy="1.65" speed="20.28" harmonicMeanSpeed="20.18" length="5.00" nVehEntered="2"/>
    <interval begin="2340.00" end="2370.00" id="3" nVehContrib="0" flow="0.00" occupancy="0.00" speed="-1.00" harmonicMeanSpeed="-1.00" length="-1.00" nVehEntered="0"/>
    <interval begin="2370.00" end="2400.00" id="0" nVehContrib="0" flow="0.00" occupancy="0.00" speed="-1.00" harmonicMeanSpeed="-1.00" length="-1.00" nVehEntered="0"/>
    <interval begin="2370.00" end="2400.00" id="1" nVehContrib="3" flow="360.00" occupancy="3.12" speed="13.21" harmonicMeanSpeed="12.54" length="5.00" nVehEntered="2"/>
    <interval begin="2370.00" end="2400.00" id="2" nVehContrib="2" flow="240.00" occupancy="2.09" speed="16.33" harmonicMeanSpeed="15.98" length="5.00" nVehEntered="2"/>
    <interval begin="2370.00" end="2400.00" id="3" nVehContrib="3" flow="360.00" occupancy="3.17" speed="16.11" harmonicMeanSpeed="15.79" length="5.00" nVehEntered="3"/>
    <interval begin="2400.00" end="2430.00" id="0" nVehContrib="0" flow="0.00" occupancy="0.00" speed="-1.00" harmonicMeanSpeed="-1.00" length="-1.00" nVehEntered="0"/>
    <interval begin="2400.00" end="2430.00" id="1" nVehContrib="2" flow="240.00" occupancy="2.09" speed="15.96" harmonicMeanSpeed="15.93" length="5.00" nVehEntered="2"/>
    <interval begin="2400.00" end="2430.00" id="2" nVehContrib="1" flow="120.00" occupancy="1.74" speed="11.80" harmonicMeanSpeed="11.80" length="5.00" nVehEntered="2"/>
    <interval begin="2400.00" end="2430.00" id="3" nVehContrib="2" flow="240.00" occupancy="14.38" speed="5.45" harmonicMeanSpeed="2.32" length="5.00" nVehEntered="2"/>
    <interval begin="2430.00" end="2460.00" id="0" nVehContrib="1" flow="120.00" occupancy="1.07" speed="15.61" harmonicMeanSpeed="15.61" length="5.00" nVehEntered="1"/>
    <interval begin="2430.00" end="2460.00" id="1" nVehContrib="1" flow="120.00" occupancy="0.85" speed="19.67" harmonicMeanSpeed="19.67" length="5.00" nVehEntered="1"/>
    <interval begin="2430.00" end="2460.00" id="2" nVehContrib="1" flow="120.00" occupancy="1.53" speed="8.99" harmonicMeanSpeed="8.99" length="5.00" nVehEntered="0"/>
    <interval begin="2430.00" end="2460.00" id="3" nVehContrib="2" flow="240.00" occupancy="1.84" speed="18.13" harmonicMeanSpeed="18.12" length="5.00" nVehEntered="2"/>
    <interval begin="2460.00" end="2490.00" id="0" nVehContrib="0" flow="0.00" occupancy="0.00" speed="-1.00" harmonicMeanSpeed="-1.00" length="-1.00" nVehEntered="0"/>
    <interval begin="2460.00" end="2490.00" id="1" nVehContrib="2" flow="240.00" occupancy="2.11" speed="16.09" harmonicMeanSpeed="15.78" length="5.00" nVehEntered="2"/>
    <interval begin="2460.00" end="2490.00" id="2" nVehContrib="2" flow="240.00" occupancy="1.85" speed="18.17" harmonicMeanSpeed="17.99" length="5.00" nVehEntered="2"/>
    <interval begin="2460.00" end="2490.00" id="3" nVehContrib="1" flow="120.00" occupancy="0.99" speed="16.83" harmonicMeanSpeed="16.83" length="5.00" nVehEntered="1"/>
    <interval begin="2490.00" end="2520.00" id="0" nVehContrib="1" flow="120.00" occupancy="0.94" speed="17.83" harmonicMeanSpeed="17.83" length="5.00" nVehEntered="1"/>
    <interval begin="2490.00" end="2520.00" id="1" nVehContrib="1" flow="120.00" occupancy="0.99" speed="16.92" harmonicMeanSpeed="16.92" length="5.00" nVehEntered="1"/>
    <interval begin="2490.00" end="2520.00" id="2" nVehContrib="4" flow="480.00" occupancy="38.82" speed="8.79" harmonicMeanSpeed="1.72" length="5.00" nVehEntered="4"/>
    <interval begin="2490.00" end="2520.00" id="3" nVehContrib="0" flow="0.00" occupancy="0.00" speed="-1.00" harmonicMeanSpeed="-1.00" length="-1.00" nVehEntered="0"/>
    <interval begin="2520.00" end="2550.00" id="0" nVehContrib="0" flow="0.00" occupancy="0.00" speed="-1.00" harmonicMeanSpeed="-1.00" length="-1.00" nVehEntered="0"/>
    <interval begin="2520.00" end="2550.00" id="1" nVehContrib="1" flow="120.00" occupancy="0.90" speed="18.54" harmonicMeanSpeed="18.54" length="5.00" nVehEntered="1"/>
    <interval begin="2520.00" end="2550.00" id="2" nVehContrib="2" flow="240.00" occupancy="1.55" speed="21.68" harmonicMeanSpeed="21.56" length="5.00" nVehEntered="2"/>
    <interval begin="2520.00" end="2550.00" id="3" nVehContrib="1" flow="120.00" occupancy="1.09" speed="15.36" harmonicMeanSpeed="15.36" length="5.00" nVehEntered="1"/>
    <interval begin="2550.00" end="2580.00" id="0" nVehContrib="1" flow="120.00" occupancy="1.17" speed="14.27" harmonicMeanSpeed="14.27" length="5.00" nVehEntered="1"/>
    <interval begin="2550.00" end="2580.00" id="1" nVehContrib="1" flow="120.00" occupancy="1.04" speed="16.07" harmonicMeanSpeed="16.07" length="5.00" nVehEntered="1"/>
    <interval begin="2550.00" end="2580.00" id="2" nVehContrib="2" flow="240.00" occupancy="2.20" speed="15.21" harmonicMeanSpeed="15.15" length="5.00" nVehEntered="2"/>
    <interval begin="2550.00" end="2580.00" id="3" nVehContrib="2" flow="240.00" occupancy="2.20" speed="15.17" harmonicMeanSpeed="15.14" length="5.00" nVehEntered="2"/>
    <interval begin="2580.00" end="2610.00" id="0" nVehContrib="0" flow="0.00" occupancy="0.00" speed="-1.00" harmonicMeanSpeed="-1.00" length="-1.00" nVehEntered="0"/>
    <interval begin="2580.00" end="2610.00" id="1" nVehContrib="1" flow="120.00" occupancy="1.20" speed="13.91" harmonicMeanSpeed="13.91" length="5.00" nVehEntered="1"/>
    <interval begin="2580.00" end="2610.00" id="2" nVehContrib="2" flow="240.00" occupancy="1.78" speed="18.96" harmonicMeanSpeed="18.68" length="5.00" nVehEntered="2"/>
    <interval begin="2580.00" end="2610.00" id="3" nVehContrib="3" flow="360.00" occupancy="4.10" speed="12.79" harmonicMeanSpeed="12.18" length="5.00" nVehEntered="3"/>
    <interval begin="2610.00" end="2640.00" id="0" nVehContrib="0" flow="0.00" occupancy="0.00" speed="-1.00" harmonicMeanSpeed="-1.00" length="-1.00" nVehEntered="0"/>
    <interval begin="2610.00" end="2640.00" id="1" nVehContrib="2" flow="240.00" occupancy="3.38" speed="10.03" harmonicMeanSpeed="9.86" length="5.00" nVehEntered="2"/>
    <interval begin="2610.00" end="2640.00" id="2" nVehContrib="1" flow="120.00" occupancy="0.94" speed="18.08" harmonicMeanSpeed="18.08" length="5.00" nVehEntered="2"/>
    <interval begin="2610.00" end="2640.00" id="3" nVehContrib="2" flow="240.00" occupancy="2.08" speed="16.24" harmonicMeanSpeed="16.03" length="5.00" nVehEntered="2"/>
    <interval begin="2640.00" end="2670.00" id="0" nVehContrib="1" flow="120.00" occupancy="1.48" speed="11.26" harmonicMeanSpeed="11.26" length="5.00" nVehEntered="1"/>
    <interval begin="2640.00" end="2670.00" id="1" nVehContrib="1" flow="120.00" occupancy="1.46" speed="11.39" harmonicMeanSpeed="11.39" length="5.00" nVehEntered="1"/>
    <interval begin="2640.00" end="2670.00" id="2" nVehContrib="3" flow="360.00" occupancy="3.43" speed="14.67" harmonicMeanSpeed="14.54" length="5.00" nVehEntered="2"/>
    <interval begin="2640.00" end="2670.00" id="3" nVehContrib="0" flow="0.00" occupancy="0.00" speed="-1.00" harmonicMeanSpeed="-1.00" length="-1.00" nVehEntered="0"/>
    <interval begin="2670.00" end="2671.00" id="0" nVehContrib="0" flow="0.00" occupancy="0.00" speed="-1.00" harmonicMeanSpeed="-1.00" length="-1.00" nVehEntered="0"/>
    <interval begin="2670.00" end="2671.00" id="1" nVehContrib="0" flow="0.00" occupancy="0.00" speed="-1.00" harmonicMeanSpeed="-1.00" length="-1.00" nVehEntered="0"/>
    <interval begin="2670.00" end="2671.00" id="2" nVehContrib="0" flow="0.00" occupancy="0.00" speed="-1.00" harmonicMeanSpeed="-1.00" length="-1.00" nVehEntered="0"/>
    <interval begin="2670.00" end="2671.00" id="3" nVehContrib="0" flow="0.00" occupancy="0.00" speed="-1.00" harmonicMeanSpeed="-1.00" length="-1.00" nVehEntered="0"/>
</detector>
